This file contains any messages produced by compilers while
running configure, to aid debugging if configure makes a mistake.

It was created by configure, which was
generated by GNU Autoconf 2.67.  Invocation command line was

  $ ./configure 

## --------- ##
## Platform. ##
## --------- ##

hostname = X-CRUISER
uname -m = i686
uname -r = 1.0.16(0.48/3/2)
uname -s = MINGW32_NT-5.1
uname -v = 2010-09-29 00:07

/usr/bin/uname -p = unknown
/bin/uname -X     = unknown

/bin/arch              = unknown
/usr/bin/arch -k       = unknown
/usr/convex/getsysinfo = unknown
/usr/bin/hostinfo      = unknown
/bin/machine           = unknown
/usr/bin/oslevel       = unknown
/bin/universe          = unknown

PATH: .
PATH: /usr/local/bin
PATH: /mingw/bin
PATH: /bin
PATH: /c/WINDOWS/system32
PATH: /c/WINDOWS
PATH: /c/WINDOWS/system32/WBEM
PATH: /c/Program Files/NVIDIA Corporation/PhysX/Common
PATH: /c/Program Files/GTK/bin
PATH: /c/Development/Python/
PATH: /mingw/bin
PATH: /c/Tools/Musik/Lilypond/usr/bin
PATH: /c/Program Files/ImageConverter Plus
PATH: /c/Program Files/ImageConverter Plus/Microsoft.VC80.CRT
PATH: /c/Program Files/ImageConverter Plus/Microsoft.VC80.MFC
PATH: /c/Program Files/ImageConverter Plus
PATH: /c/Program Files/ImageConverter Plus/Microsoft.VC80.CRT
PATH: /c/Program Files/ImageConverter Plus/Microsoft.VC80.MFC
PATH: .


## ----------- ##
## Core tests. ##
## ----------- ##

configure:2444: checking for a BSD-compatible install
configure:2512: result: /bin/install -c
configure:2523: checking whether build environment is sane
configure:2560: result: yes
configure:2622: checking for gawk
configure:2638: found /bin/gawk
configure:2649: result: gawk
configure:2660: checking whether make sets $(MAKE)
configure:2682: result: yes
configure:2860: checking whether to enable maintainer-specific portions of Makefiles
configure:2869: result: no
configure:2941: checking for gcc
configure:2957: found /mingw/bin/gcc
configure:2968: result: gcc
configure:3197: checking for C compiler version
configure:3206: gcc --version >&5
gcc.exe (GCC) 4.5.2
Copyright (C) 2010 Free Software Foundation, Inc.
This is free software; see the source for copying conditions.  There is NO
warranty; not even for MERCHANTABILITY or FITNESS FOR A PARTICULAR PURPOSE.

configure:3217: $? = 0
configure:3206: gcc -v >&5
Using built-in specs.
COLLECT_GCC=C:\Development\MinGW\bin\gcc.exe
COLLECT_LTO_WRAPPER=c:/development/mingw/bin/../libexec/gcc/mingw32/4.5.2/lto-wrapper.exe
Target: mingw32
Configured with: ../gcc-4.5.2/configure --enable-languages=c,c++,ada,fortran,objc,obj-c++ --disable-sjlj-exceptions --with-dwarf2 --enable-shared --enable-libgomp --disable-win32-registry --enable-libstdcxx-debug --enable-version-specific-runtime-libs --disable-werror --build=mingw32 --prefix=/mingw
Thread model: win32
gcc version 4.5.2 (GCC) 
configure:3217: $? = 0
configure:3206: gcc -V >&5
gcc.exe: '-V' option must have argument
configure:3217: $? = 1
configure:3206: gcc -qversion >&5
gcc.exe: unrecognized option '-qversion'
gcc.exe: no input files
configure:3217: $? = 1
configure:3237: checking whether the C compiler works
configure:3259: gcc    conftest.c  >&5
configure:3263: $? = 0
configure:3311: result: yes
configure:3314: checking for C compiler default output file name
configure:3316: result: a.exe
configure:3322: checking for suffix of executables
configure:3329: gcc -o conftest.exe    conftest.c  >&5
configure:3333: $? = 0
configure:3355: result: .exe
configure:3377: checking whether we are cross compiling
configure:3385: gcc -o conftest.exe    conftest.c  >&5
configure:3389: $? = 0
configure:3396: ./conftest.exe
configure:3400: $? = 0
configure:3415: result: no
configure:3420: checking for suffix of object files
configure:3442: gcc -c   conftest.c >&5
configure:3446: $? = 0
configure:3467: result: o
configure:3471: checking whether we are using the GNU C compiler
configure:3490: gcc -c   conftest.c >&5
configure:3490: $? = 0
configure:3499: result: yes
configure:3508: checking whether gcc accepts -g
configure:3528: gcc -c -g  conftest.c >&5
configure:3528: $? = 0
configure:3569: result: yes
configure:3586: checking for gcc option to accept ISO C89
configure:3650: gcc  -c -g -O2  conftest.c >&5
configure:3650: $? = 0
configure:3663: result: none needed
configure:3694: checking for style of include used by make
configure:3722: result: GNU
configure:3750: checking dependency style of gcc
configure:3840: result: gcc3
configure:3886: checking build system type
configure:3900: result: i686-pc-mingw32
configure:3920: checking host system type
configure:3933: result: i686-pc-mingw32
configure:3953: checking for a sed that does not truncate output
configure:4017: result: /bin/sed
configure:4035: checking for grep that handles long lines and -e
configure:4093: result: /bin/grep
configure:4098: checking for egrep
configure:4160: result: /bin/grep -E
configure:4165: checking for fgrep
configure:4227: result: /bin/grep -F
configure:4262: checking for ld used by gcc
configure:4329: result: c:/development/mingw/mingw32/bin/ld.exe
configure:4336: checking if the linker (c:/development/mingw/mingw32/bin/ld.exe) is GNU ld
configure:4351: result: yes
configure:4363: checking for BSD- or MS-compatible name lister (nm)
configure:4412: result: /mingw/bin/nm
configure:4530: checking the name lister (/mingw/bin/nm) interface
configure:4537: gcc -c -g -O2  conftest.c >&5
configure:4540: /mingw/bin/nm "conftest.o"
configure:4543: output
00000000 b .bss
00000000 d .data
00000000 N .debug_abbrev
00000000 N .debug_info
00000000 N .debug_line
00000000 N .debug_pubnames
00000000 t .text
00000000 B _some_variable
configure:4550: result: BSD nm
configure:4553: checking whether ln -s works
configure:4560: result: no, using cp -p
configure:4565: checking the maximum length of command line arguments
configure:4685: result: 8192
configure:4702: checking whether the shell understands some XSI constructs
configure:4712: result: yes
configure:4716: checking whether the shell understands "+="
configure:4722: result: yes
configure:4757: checking for c:/development/mingw/mingw32/bin/ld.exe option to reload object files
configure:4764: result: -r
configure:4833: checking for objdump
configure:4849: found /mingw/bin/objdump
configure:4860: result: objdump
configure:4892: checking how to recognize dependent libraries
configure:5088: result: file_magic ^x86 archive import|^x86 DLL
configure:5148: checking for ar
configure:5164: found /mingw/bin/ar
configure:5175: result: ar
configure:5253: checking for strip
configure:5269: found /mingw/bin/strip
configure:5280: result: strip
configure:5352: checking for ranlib
configure:5368: found /mingw/bin/ranlib
configure:5379: result: ranlib
configure:5469: checking command to parse /mingw/bin/nm output from gcc object
configure:5587: gcc -c -g -O2  conftest.c >&5
configure:5590: $? = 0
configure:5594: /mingw/bin/nm conftest.o \| sed -n -e 's/^.*[	 ]\([ABCDGIRSTW][ABCDGIRSTW]*\)[	 ][	 ]*\([_A-Za-z][_A-Za-z0-9]*\)\{0,1\}$/\1 \2 \2/p' \> conftest.nm
configure:5597: $? = 0
cannot find nm_test_var in conftest.nm
configure:5587: gcc -c -g -O2  conftest.c >&5
configure:5590: $? = 0
configure:5594: /mingw/bin/nm conftest.o \| sed -n -e 's/^.*[	 ]\([ABCDGIRSTW][ABCDGIRSTW]*\)[	 ][	 ]*_\([_A-Za-z][_A-Za-z0-9]*\)\{0,1\}$/\1 _\2 \2/p' \> conftest.nm
configure:5597: $? = 0
configure:5651: gcc -o conftest.exe -g -O2   conftest.c conftstm.o >&5
configure:5654: $? = 0
configure:5692: result: ok
configure:6501: checking how to run the C preprocessor
configure:6532: gcc -E  conftest.c
configure:6532: $? = 0
configure:6546: gcc -E  conftest.c
conftest.c:11:28: fatal error: ac_nonexistent.h: No such file or directory
compilation terminated.
configure:6546: $? = 1
configure: failed program was:
| /* confdefs.h */
| #define PACKAGE_NAME ""
| #define PACKAGE_TARNAME ""
| #define PACKAGE_VERSION ""
| #define PACKAGE_STRING ""
| #define PACKAGE_BUGREPORT ""
| #define PACKAGE_URL ""
| #define PACKAGE "libogg"
| #define VERSION "1.2.0"
| /* end confdefs.h.  */
| #include <ac_nonexistent.h>
configure:6571: result: gcc -E
configure:6591: gcc -E  conftest.c
configure:6591: $? = 0
configure:6605: gcc -E  conftest.c
conftest.c:11:28: fatal error: ac_nonexistent.h: No such file or directory
compilation terminated.
configure:6605: $? = 1
configure: failed program was:
| /* confdefs.h */
| #define PACKAGE_NAME ""
| #define PACKAGE_TARNAME ""
| #define PACKAGE_VERSION ""
| #define PACKAGE_STRING ""
| #define PACKAGE_BUGREPORT ""
| #define PACKAGE_URL ""
| #define PACKAGE "libogg"
| #define VERSION "1.2.0"
| /* end confdefs.h.  */
| #include <ac_nonexistent.h>
configure:6634: checking for ANSI C header files
configure:6654: gcc -c -g -O2  conftest.c >&5
configure:6654: $? = 0
configure:6727: gcc -o conftest.exe -g -O2   conftest.c  >&5
configure:6727: $? = 0
configure:6727: ./conftest.exe
configure:6727: $? = 0
configure:6738: result: yes
configure:6751: checking for sys/types.h
configure:6751: gcc -c -g -O2  conftest.c >&5
configure:6751: $? = 0
configure:6751: result: yes
configure:6751: checking for sys/stat.h
configure:6751: gcc -c -g -O2  conftest.c >&5
configure:6751: $? = 0
configure:6751: result: yes
configure:6751: checking for stdlib.h
configure:6751: gcc -c -g -O2  conftest.c >&5
configure:6751: $? = 0
configure:6751: result: yes
configure:6751: checking for string.h
configure:6751: gcc -c -g -O2  conftest.c >&5
configure:6751: $? = 0
configure:6751: result: yes
configure:6751: checking for memory.h
configure:6751: gcc -c -g -O2  conftest.c >&5
configure:6751: $? = 0
configure:6751: result: yes
configure:6751: checking for strings.h
configure:6751: gcc -c -g -O2  conftest.c >&5
configure:6751: $? = 0
configure:6751: result: yes
configure:6751: checking for inttypes.h
configure:6751: gcc -c -g -O2  conftest.c >&5
configure:6751: $? = 0
configure:6751: result: yes
configure:6751: checking for stdint.h
configure:6751: gcc -c -g -O2  conftest.c >&5
configure:6751: $? = 0
configure:6751: result: yes
configure:6751: checking for unistd.h
configure:6751: gcc -c -g -O2  conftest.c >&5
configure:6751: $? = 0
configure:6751: result: yes
configure:6765: checking for dlfcn.h
configure:6765: gcc -c -g -O2  conftest.c >&5
conftest.c:55:19: fatal error: dlfcn.h: No such file or directory
compilation terminated.
configure:6765: $? = 1
configure: failed program was:
| /* confdefs.h */
| #define PACKAGE_NAME ""
| #define PACKAGE_TARNAME ""
| #define PACKAGE_VERSION ""
| #define PACKAGE_STRING ""
| #define PACKAGE_BUGREPORT ""
| #define PACKAGE_URL ""
| #define PACKAGE "libogg"
| #define VERSION "1.2.0"
| #define STDC_HEADERS 1
| #define HAVE_SYS_TYPES_H 1
| #define HAVE_SYS_STAT_H 1
| #define HAVE_STDLIB_H 1
| #define HAVE_STRING_H 1
| #define HAVE_MEMORY_H 1
| #define HAVE_STRINGS_H 1
| #define HAVE_INTTYPES_H 1
| #define HAVE_STDINT_H 1
| #define HAVE_UNISTD_H 1
| /* end confdefs.h.  */
| #include <stdio.h>
| #ifdef HAVE_SYS_TYPES_H
| # include <sys/types.h>
| #endif
| #ifdef HAVE_SYS_STAT_H
| # include <sys/stat.h>
| #endif
| #ifdef STDC_HEADERS
| # include <stdlib.h>
| # include <stddef.h>
| #else
| # ifdef HAVE_STDLIB_H
| #  include <stdlib.h>
| # endif
| #endif
| #ifdef HAVE_STRING_H
| # if !defined STDC_HEADERS && defined HAVE_MEMORY_H
| #  include <memory.h>
| # endif
| # include <string.h>
| #endif
| #ifdef HAVE_STRINGS_H
| # include <strings.h>
| #endif
| #ifdef HAVE_INTTYPES_H
| # include <inttypes.h>
| #endif
| #ifdef HAVE_STDINT_H
| # include <stdint.h>
| #endif
| #ifdef HAVE_UNISTD_H
| # include <unistd.h>
| #endif
| 
| #include <dlfcn.h>
configure:6765: result: no
configure:6949: checking for objdir
configure:6964: result: .libs
configure:7256: checking if gcc supports -fno-rtti -fno-exceptions
configure:7274: gcc -c -g -O2  -fno-rtti -fno-exceptions conftest.c >&5
cc1.exe: warning: command line option "-fno-rtti" is valid for C++/ObjC++ but not for C
configure:7278: $? = 0
configure:7291: result: no
configure:7311: checking for gcc option to produce PIC
configure:7583: result: -DDLL_EXPORT -DPIC
configure:7595: checking if gcc PIC flag -DDLL_EXPORT -DPIC works
configure:7613: gcc -c -g -O2  -DDLL_EXPORT -DPIC -DPIC conftest.c >&5
configure:7617: $? = 0
configure:7630: result: yes
configure:7654: checking if gcc static flag -static works
configure:7682: result: yes
configure:7697: checking if gcc supports -c -o file.o
configure:7718: gcc -c -g -O2  -o out/conftest2.o conftest.c >&5
configure:7722: $? = 0
configure:7744: result: yes
configure:7752: checking if gcc supports -c -o file.o
configure:7799: result: yes
configure:7832: checking whether the gcc linker (c:/development/mingw/mingw32/bin/ld.exe) supports shared libraries
configure:8822: result: yes
configure:8859: checking whether -lc should be explicitly linked in
configure:8864: gcc -c -g -O2  conftest.c >&5
configure:8867: $? = 0
configure:8882: gcc -shared conftest.o  -v -o ./conftest -Wl,--enable-auto-image-base -Xlinker --out-implib -Xlinker conftest 2\>\&1 \| /bin/grep  -lc  \>/dev/null 2\>\&1
configure:8885: $? = 1
configure:8897: result: yes
configure:9061: checking dynamic linker characteristics
configure:9724: result: Win32 ld.exe
configure:9826: checking how to hardcode library paths into programs
configure:9851: result: immediate
configure:10371: checking whether stripping libraries is possible
configure:10376: result: yes
configure:10411: checking if libtool supports shared libraries
configure:10413: result: yes
configure:10416: checking whether to build shared libraries
configure:10437: result: yes
configure:10440: checking whether to build static libraries
configure:10444: result: yes
configure:10480: checking whether gcc and cc understand -c and -o together
configure:10511: gcc -c conftest.c -o conftest2.o >&5
configure:10515: $? = 0
configure:10521: gcc -c conftest.c -o conftest2.o >&5
configure:10525: $? = 0
configure:10536: cc -c conftest.c >&5
./configure: line 10538: cc: command not found
configure:10540: $? = 127
configure:10580: result: yes
configure:10682: checking for ANSI C header files
configure:10786: result: yes
configure:10795: checking for an ANSI C-conforming const
configure:10860: gcc -c -O20 -fsigned-char -g -O2  conftest.c >&5
configure:10860: $? = 0
configure:10867: result: yes
configure:10877: checking for int16_t
configure:10897: gcc -o conftest.exe -O20 -fsigned-char -g -O2   conftest.c  >&5
conftest.c:28:9: error: expected '=', ',', ';', 'asm' or '__attribute__' before 'foo'
configure:10897: $? = 1
configure: program exited with status 1
configure: failed program was:
| /* confdefs.h */
| #define PACKAGE_NAME ""
| #define PACKAGE_TARNAME ""
| #define PACKAGE_VERSION ""
| #define PACKAGE_STRING ""
| #define PACKAGE_BUGREPORT ""
| #define PACKAGE_URL ""
| #define PACKAGE "libogg"
| #define VERSION "1.2.0"
| #define STDC_HEADERS 1
| #define HAVE_SYS_TYPES_H 1
| #define HAVE_SYS_STAT_H 1
| #define HAVE_STDLIB_H 1
| #define HAVE_STRING_H 1
| #define HAVE_MEMORY_H 1
| #define HAVE_STRINGS_H 1
| #define HAVE_INTTYPES_H 1
| #define HAVE_STDINT_H 1
| #define HAVE_UNISTD_H 1
| #define LT_OBJDIR ".libs/"
| #define STDC_HEADERS 1
| /* end confdefs.h.  */
| 
| #if defined __BEOS__ && !defined __HAIKU__
| #include <inttypes.h>
| #endif
| #include <sys/types.h>
| int16_t foo;
| int main() {return 0;}
| 
configure:10908: result: no
configure:10911: checking for int32_t
configure:10931: gcc -o conftest.exe -O20 -fsigned-char -g -O2   conftest.c  >&5
conftest.c:28:9: error: expected '=', ',', ';', 'asm' or '__attribute__' before 'foo'
configure:10931: $? = 1
configure: program exited with status 1
configure: failed program was:
| /* confdefs.h */
| #define PACKAGE_NAME ""
| #define PACKAGE_TARNAME ""
| #define PACKAGE_VERSION ""
| #define PACKAGE_STRING ""
| #define PACKAGE_BUGREPORT ""
| #define PACKAGE_URL ""
| #define PACKAGE "libogg"
| #define VERSION "1.2.0"
| #define STDC_HEADERS 1
| #define HAVE_SYS_TYPES_H 1
| #define HAVE_SYS_STAT_H 1
| #define HAVE_STDLIB_H 1
| #define HAVE_STRING_H 1
| #define HAVE_MEMORY_H 1
| #define HAVE_STRINGS_H 1
| #define HAVE_INTTYPES_H 1
| #define HAVE_STDINT_H 1
| #define HAVE_UNISTD_H 1
| #define LT_OBJDIR ".libs/"
| #define STDC_HEADERS 1
| /* end confdefs.h.  */
| 
| #if defined __BEOS__ && !defined __HAIKU__
| #include <inttypes.h>
| #endif
| #include <sys/types.h>
| int32_t foo;
| int main() {return 0;}
| 
configure:10942: result: no
configure:10945: checking for uint32_t
configure:10965: gcc -o conftest.exe -O20 -fsigned-char -g -O2   conftest.c  >&5
conftest.c:28:10: error: expected '=', ',', ';', 'asm' or '__attribute__' before 'foo'
configure:10965: $? = 1
configure: program exited with status 1
configure: failed program was:
| /* confdefs.h */
| #define PACKAGE_NAME ""
| #define PACKAGE_TARNAME ""
| #define PACKAGE_VERSION ""
| #define PACKAGE_STRING ""
| #define PACKAGE_BUGREPORT ""
| #define PACKAGE_URL ""
| #define PACKAGE "libogg"
| #define VERSION "1.2.0"
| #define STDC_HEADERS 1
| #define HAVE_SYS_TYPES_H 1
| #define HAVE_SYS_STAT_H 1
| #define HAVE_STDLIB_H 1
| #define HAVE_STRING_H 1
| #define HAVE_MEMORY_H 1
| #define HAVE_STRINGS_H 1
| #define HAVE_INTTYPES_H 1
| #define HAVE_STDINT_H 1
| #define HAVE_UNISTD_H 1
| #define LT_OBJDIR ".libs/"
| #define STDC_HEADERS 1
| /* end confdefs.h.  */
| 
| #if defined __BEOS__ && !defined __HAIKU__
| #include <inttypes.h>
| #endif
| #include <sys/types.h>
| uint32_t foo;
| int main() {return 0;}
| 
configure:10976: result: no
configure:10979: checking for uint16_t
configure:10999: gcc -o conftest.exe -O20 -fsigned-char -g -O2   conftest.c  >&5
conftest.c:28:10: error: expected '=', ',', ';', 'asm' or '__attribute__' before 'foo'
configure:10999: $? = 1
configure: program exited with status 1
configure: failed program was:
| /* confdefs.h */
| #define PACKAGE_NAME ""
| #define PACKAGE_TARNAME ""
| #define PACKAGE_VERSION ""
| #define PACKAGE_STRING ""
| #define PACKAGE_BUGREPORT ""
| #define PACKAGE_URL ""
| #define PACKAGE "libogg"
| #define VERSION "1.2.0"
| #define STDC_HEADERS 1
| #define HAVE_SYS_TYPES_H 1
| #define HAVE_SYS_STAT_H 1
| #define HAVE_STDLIB_H 1
| #define HAVE_STRING_H 1
| #define HAVE_MEMORY_H 1
| #define HAVE_STRINGS_H 1
| #define HAVE_INTTYPES_H 1
| #define HAVE_STDINT_H 1
| #define HAVE_UNISTD_H 1
| #define LT_OBJDIR ".libs/"
| #define STDC_HEADERS 1
| /* end confdefs.h.  */
| 
| #if defined __BEOS__ && !defined __HAIKU__
| #include <inttypes.h>
| #endif
| #include <sys/types.h>
| uint16_t foo;
| int main() {return 0;}
| 
configure:11010: result: no
configure:11013: checking for u_int32_t
configure:11033: gcc -o conftest.exe -O20 -fsigned-char -g -O2   conftest.c  >&5
conftest.c:28:11: error: expected '=', ',', ';', 'asm' or '__attribute__' before 'foo'
configure:11033: $? = 1
configure: program exited with status 1
configure: failed program was:
| /* confdefs.h */
| #define PACKAGE_NAME ""
| #define PACKAGE_TARNAME ""
| #define PACKAGE_VERSION ""
| #define PACKAGE_STRING ""
| #define PACKAGE_BUGREPORT ""
| #define PACKAGE_URL ""
| #define PACKAGE "libogg"
| #define VERSION "1.2.0"
| #define STDC_HEADERS 1
| #define HAVE_SYS_TYPES_H 1
| #define HAVE_SYS_STAT_H 1
| #define HAVE_STDLIB_H 1
| #define HAVE_STRING_H 1
| #define HAVE_MEMORY_H 1
| #define HAVE_STRINGS_H 1
| #define HAVE_INTTYPES_H 1
| #define HAVE_STDINT_H 1
| #define HAVE_UNISTD_H 1
| #define LT_OBJDIR ".libs/"
| #define STDC_HEADERS 1
| /* end confdefs.h.  */
| 
| #if defined __BEOS__ && !defined __HAIKU__
| #include <inttypes.h>
| #endif
| #include <sys/types.h>
| u_int32_t foo;
| int main() {return 0;}
| 
configure:11044: result: no
configure:11047: checking for u_int16_t
configure:11067: gcc -o conftest.exe -O20 -fsigned-char -g -O2   conftest.c  >&5
conftest.c:28:11: error: expected '=', ',', ';', 'asm' or '__attribute__' before 'foo'
configure:11067: $? = 1
configure: program exited with status 1
configure: failed program was:
| /* confdefs.h */
| #define PACKAGE_NAME ""
| #define PACKAGE_TARNAME ""
| #define PACKAGE_VERSION ""
| #define PACKAGE_STRING ""
| #define PACKAGE_BUGREPORT ""
| #define PACKAGE_URL ""
| #define PACKAGE "libogg"
| #define VERSION "1.2.0"
| #define STDC_HEADERS 1
| #define HAVE_SYS_TYPES_H 1
| #define HAVE_SYS_STAT_H 1
| #define HAVE_STDLIB_H 1
| #define HAVE_STRING_H 1
| #define HAVE_MEMORY_H 1
| #define HAVE_STRINGS_H 1
| #define HAVE_INTTYPES_H 1
| #define HAVE_STDINT_H 1
| #define HAVE_UNISTD_H 1
| #define LT_OBJDIR ".libs/"
| #define STDC_HEADERS 1
| /* end confdefs.h.  */
| 
| #if defined __BEOS__ && !defined __HAIKU__
| #include <inttypes.h>
| #endif
| #include <sys/types.h>
| u_int16_t foo;
| int main() {return 0;}
| 
configure:11078: result: no
configure:11081: checking for int64_t
configure:11101: gcc -o conftest.exe -O20 -fsigned-char -g -O2   conftest.c  >&5
conftest.c:28:9: error: expected '=', ',', ';', 'asm' or '__attribute__' before 'foo'
configure:11101: $? = 1
configure: program exited with status 1
configure: failed program was:
| /* confdefs.h */
| #define PACKAGE_NAME ""
| #define PACKAGE_TARNAME ""
| #define PACKAGE_VERSION ""
| #define PACKAGE_STRING ""
| #define PACKAGE_BUGREPORT ""
| #define PACKAGE_URL ""
| #define PACKAGE "libogg"
| #define VERSION "1.2.0"
| #define STDC_HEADERS 1
| #define HAVE_SYS_TYPES_H 1
| #define HAVE_SYS_STAT_H 1
| #define HAVE_STDLIB_H 1
| #define HAVE_STRING_H 1
| #define HAVE_MEMORY_H 1
| #define HAVE_STRINGS_H 1
| #define HAVE_INTTYPES_H 1
| #define HAVE_STDINT_H 1
| #define HAVE_UNISTD_H 1
| #define LT_OBJDIR ".libs/"
| #define STDC_HEADERS 1
| /* end confdefs.h.  */
| 
| #if defined __BEOS__ && !defined __HAIKU__
| #include <inttypes.h>
| #endif
| #include <sys/types.h>
| int64_t foo;
| int main() {return 0;}
| 
configure:11112: result: no
configure:11119: checking size of short
configure:11124: gcc -o conftest.exe -O20 -fsigned-char -g -O2   conftest.c  >&5
configure:11124: $? = 0
configure:11124: ./conftest.exe
configure:11124: $? = 0
configure:11138: result: 2
configure:11152: checking size of int
configure:11157: gcc -o conftest.exe -O20 -fsigned-char -g -O2   conftest.c  >&5
configure:11157: $? = 0
configure:11157: ./conftest.exe
configure:11157: $? = 0
configure:11171: result: 4
configure:11185: checking size of long
configure:11190: gcc -o conftest.exe -O20 -fsigned-char -g -O2   conftest.c  >&5
configure:11190: $? = 0
configure:11190: ./conftest.exe
configure:11190: $? = 0
configure:11204: result: 4
configure:11218: checking size of long long
configure:11223: gcc -o conftest.exe -O20 -fsigned-char -g -O2   conftest.c  >&5
configure:11223: $? = 0
configure:11223: ./conftest.exe
configure:11223: $? = 0
configure:11237: result: 8
configure:11323: checking for working memcmp
configure:11366: gcc -o conftest.exe -O20 -fsigned-char -g -O2   conftest.c  >&5
configure:11366: $? = 0
configure:11366: ./conftest.exe
configure:11366: $? = 0
configure:11376: result: yes
configure:11516: creating ./config.status

## ---------------------- ##
## Running config.status. ##
## ---------------------- ##

This file was extended by config.status, which was
generated by GNU Autoconf 2.67.  Invocation command line was

  CONFIG_FILES    = 
  CONFIG_HEADERS  = 
  CONFIG_LINKS    = 
  CONFIG_COMMANDS = 
  $ ./config.status 

on X-CRUISER

config.status:1104: creating Makefile
config.status:1104: creating src/Makefile
config.status:1104: creating doc/Makefile
config.status:1104: creating doc/libogg/Makefile
config.status:1104: creating include/Makefile
config.status:1104: creating include/ogg/Makefile
config.status:1104: creating include/ogg/config_types.h
config.status:1104: creating libogg.spec
config.status:1104: creating ogg.pc
config.status:1104: creating ogg-uninstalled.pc
config.status:1104: creating config.h
config.status:1325: executing depfiles commands
config.status:1325: executing libtool commands

## ---------------- ##
## Cache variables. ##
## ---------------- ##

ac_cv_build=i686-pc-mingw32
ac_cv_c_compiler_gnu=yes
ac_cv_c_const=yes
ac_cv_env_CC_set=
ac_cv_env_CC_value=
ac_cv_env_CFLAGS_set=
ac_cv_env_CFLAGS_value=
ac_cv_env_CPPFLAGS_set=
ac_cv_env_CPPFLAGS_value=
ac_cv_env_CPP_set=
ac_cv_env_CPP_value=
ac_cv_env_LDFLAGS_set=
ac_cv_env_LDFLAGS_value=
ac_cv_env_LIBS_set=
ac_cv_env_LIBS_value=
ac_cv_env_build_alias_set=
ac_cv_env_build_alias_value=
ac_cv_env_host_alias_set=
ac_cv_env_host_alias_value=
ac_cv_env_target_alias_set=
ac_cv_env_target_alias_value=
ac_cv_exeext=.exe
ac_cv_func_memcmp_working=yes
ac_cv_header_dlfcn_h=no
ac_cv_header_inttypes_h=yes
ac_cv_header_memory_h=yes
ac_cv_header_stdc=yes
ac_cv_header_stdint_h=yes
ac_cv_header_stdlib_h=yes
ac_cv_header_string_h=yes
ac_cv_header_strings_h=yes
ac_cv_header_sys_stat_h=yes
ac_cv_header_sys_types_h=yes
ac_cv_header_unistd_h=yes
ac_cv_host=i686-pc-mingw32
ac_cv_objext=o
ac_cv_path_EGREP='/bin/grep -E'
ac_cv_path_FGREP='/bin/grep -F'
ac_cv_path_GREP=/bin/grep
ac_cv_path_SED=/bin/sed
ac_cv_path_install='/bin/install -c'
ac_cv_prog_AWK=gawk
ac_cv_prog_CPP='gcc -E'
ac_cv_prog_ac_ct_AR=ar
ac_cv_prog_ac_ct_CC=gcc
ac_cv_prog_ac_ct_OBJDUMP=objdump
ac_cv_prog_ac_ct_RANLIB=ranlib
ac_cv_prog_ac_ct_STRIP=strip
ac_cv_prog_cc_c89=
ac_cv_prog_cc_g=yes
ac_cv_prog_cc_gcc_c_o=yes
ac_cv_prog_make_make_set=yes
ac_cv_sizeof_int=4
ac_cv_sizeof_long=4
ac_cv_sizeof_long_long=8
ac_cv_sizeof_short=2
am_cv_CC_dependencies_compiler_type=gcc3
has_cv_int16_t=no
has_cv_int32_t=no
has_cv_int64_t=no
has_cv_u_int16_t=no
has_cv_u_int32_t=no
has_cv_uint16_t=no
has_cv_uint32_t=no
lt_cv_deplibs_check_method='file_magic ^x86 archive import|^x86 DLL'
lt_cv_file_magic_cmd=func_win32_libid
lt_cv_file_magic_test_file=
lt_cv_ld_reload_flag=-r
lt_cv_nm_interface='BSD nm'
lt_cv_objdir=.libs
lt_cv_path_LD=c:/development/mingw/mingw32/bin/ld.exe
lt_cv_path_NM=/mingw/bin/nm
lt_cv_prog_compiler_c_o=yes
lt_cv_prog_compiler_pic_works=yes
lt_cv_prog_compiler_rtti_exceptions=no
lt_cv_prog_compiler_static_works=yes
lt_cv_prog_gnu_ld=yes
lt_cv_sys_global_symbol_pipe='sed -n -e '\''s/^.*[	 ]\([ABCDGIRSTW][ABCDGIRSTW]*\)[	 ][	 ]*_\([_A-Za-z][_A-Za-z0-9]*\)\{0,1\}$/\1 _\2 \2/p'\'''
lt_cv_sys_global_symbol_to_c_name_address='sed -n -e '\''s/^: \([^ ]*\) $/  {\"\1\", (void *) 0},/p'\'' -e '\''s/^[ABCDGIRSTW]* \([^ ]*\) \([^ ]*\)$/  {"\2", (void *) \&\2},/p'\'''
lt_cv_sys_global_symbol_to_c_name_address_lib_prefix='sed -n -e '\''s/^: \([^ ]*\) $/  {\"\1\", (void *) 0},/p'\'' -e '\''s/^[ABCDGIRSTW]* \([^ ]*\) \(lib[^ ]*\)$/  {"\2", (void *) \&\2},/p'\'' -e '\''s/^[ABCDGIRSTW]* \([^ ]*\) \([^ ]*\)$/  {"lib\2", (void *) \&\2},/p'\'''
lt_cv_sys_global_symbol_to_cdecl='sed -n -e '\''s/^T .* \(.*\)$/extern int \1();/p'\'' -e '\''s/^[ABCDGIRSTW]* .* \(.*\)$/extern char \1;/p'\'''
lt_cv_sys_max_cmd_len=8192

## ----------------- ##
## Output variables. ##
## ----------------- ##

ACLOCAL='${SHELL} /c/Develo~1/Visual~1/Libs/libogg/missing --run aclocal-1.9'
AMDEPBACKSLASH='\'
AMDEP_FALSE='#'
AMDEP_TRUE=''
AMTAR='${SHELL} /c/Develo~1/Visual~1/Libs/libogg/missing --run tar'
AR='ar'
AUTOCONF='${SHELL} /c/Develo~1/Visual~1/Libs/libogg/missing --run autoconf'
AUTOHEADER='${SHELL} /c/Develo~1/Visual~1/Libs/libogg/missing --run autoheader'
AUTOMAKE='${SHELL} /c/Develo~1/Visual~1/Libs/libogg/missing --run automake-1.9'
AWK='gawk'
CC='gcc'
CCDEPMODE='depmode=gcc3'
CFLAGS='-O20 -fsigned-char -g -O2'
CPP='gcc -E'
CPPFLAGS=''
CYGPATH_W='echo'
DEBUG='-g -Wall -fsigned-char -g -O2'
DEFS='-DHAVE_CONFIG_H'
DEPDIR='.deps'
DSYMUTIL=''
DUMPBIN=''
ECHO_C=''
ECHO_N='-n'
ECHO_T=''
EGREP='/bin/grep -E'
EXEEXT='.exe'
FGREP='/bin/grep -F'
GREP='/bin/grep'
INSTALL_DATA='${INSTALL} -m 644'
INSTALL_PROGRAM='${INSTALL}'
INSTALL_SCRIPT='${INSTALL}'
INSTALL_STRIP_PROGRAM='${SHELL} $(install_sh) -c -s'
LD='c:/development/mingw/mingw32/bin/ld.exe'
LDFLAGS=''
LIBOBJS=''
LIBS=''
LIBTOOL='$(SHELL) $(top_builddir)/libtool'
LIBTOOL_DEPS='./ltmain.sh'
LIB_AGE='7'
LIB_CURRENT='7'
LIB_REVISION='0'
LIPO=''
LN_S='cp -p'
LTLIBOBJS=''
MAINT='#'
MAINTAINER_MODE_FALSE=''
MAINTAINER_MODE_TRUE='#'
MAKEINFO='${SHELL} /c/Develo~1/Visual~1/Libs/libogg/missing --run makeinfo'
NM='/mingw/bin/nm'
NMEDIT=''
OBJDUMP='objdump'
OBJEXT='o'
OPT=''
OTOOL64=''
OTOOL=''
PACKAGE='libogg'
PACKAGE_BUGREPORT=''
PACKAGE_NAME=''
PACKAGE_STRING=''
PACKAGE_TARNAME=''
PACKAGE_URL=''
PACKAGE_VERSION=''
PATH_SEPARATOR=':'
PROFILE='-O20 -g -pg -fsigned-char -g -O2'
RANLIB='ranlib'
SED='/bin/sed'
SET_MAKE=''
SHELL='/bin/sh'
SIZE16='short'
SIZE32='int'
SIZE64='long long'
STRIP='strip'
USIZE16='unsigned short'
USIZE32='unsigned int'
VERSION='1.2.0'
ac_ct_CC='gcc'
ac_ct_DUMPBIN=''
am__fastdepCC_FALSE='#'
am__fastdepCC_TRUE=''
am__include='include'
am__leading_dot='.'
am__quote=''
am__tar='${AMTAR} chof - "$$tardir"'
am__untar='${AMTAR} xf -'
bindir='${exec_prefix}/bin'
build='i686-pc-mingw32'
build_alias=''
build_cpu='i686'
build_os='mingw32'
build_vendor='pc'
datadir='${datarootdir}'
datarootdir='${prefix}/share'
docdir='${datarootdir}/doc/${PACKAGE}'
dvidir='${docdir}'
exec_prefix='${prefix}'
host='i686-pc-mingw32'
host_alias=''
host_cpu='i686'
host_os='mingw32'
host_vendor='pc'
htmldir='${docdir}'
includedir='${prefix}/include'
infodir='${datarootdir}/info'
install_sh='/c/Develo~1/Visual~1/Libs/libogg/install-sh'
libdir='${exec_prefix}/lib'
libexecdir='${exec_prefix}/libexec'
localedir='${datarootdir}/locale'
localstatedir='${prefix}/var'
lt_ECHO='echo'
mandir='${datarootdir}/man'
mkdir_p='mkdir -p --'
oldincludedir='/usr/include'
pdfdir='${docdir}'
prefix='/usr/local'
program_transform_name='s,x,x,'
psdir='${docdir}'
sbindir='${exec_prefix}/sbin'
sharedstatedir='${prefix}/com'
sysconfdir='${prefix}/etc'
target_alias=''

## ----------- ##
## confdefs.h. ##
## ----------- ##

/* confdefs.h */
#define PACKAGE_NAME ""
#define PACKAGE_TARNAME ""
#define PACKAGE_VERSION ""
#define PACKAGE_STRING ""
#define PACKAGE_BUGREPORT ""
#define PACKAGE_URL ""
#define PACKAGE "libogg"
#define VERSION "1.2.0"
#define STDC_HEADERS 1
#define HAVE_SYS_TYPES_H 1
#define HAVE_SYS_STAT_H 1
#define HAVE_STDLIB_H 1
#define HAVE_STRING_H 1
#define HAVE_MEMORY_H 1
#define HAVE_STRINGS_H 1
#define HAVE_INTTYPES_H 1
#define HAVE_STDINT_H 1
#define HAVE_UNISTD_H 1
#define LT_OBJDIR ".libs/"
#define STDC_HEADERS 1
#define SIZEOF_SHORT 2
#define SIZEOF_INT 4
#define SIZEOF_LONG 4
#define SIZEOF_LONG_LONG 8

configure: exit 0
