I:\TOUHOU\TOUHOUMUSICROOM\SOURCE\MUSICROOM\DEBUG\AKYU.OBJ
I:\Touhou\TouhouMusicRoom\source\musicroom\Debug\cl.command.1.tlog
I:\Touhou\TouhouMusicRoom\source\musicroom\Debug\CL.read.1.tlog
I:\Touhou\TouhouMusicRoom\source\musicroom\Debug\CL.write.1.tlog
I:\TOUHOU\TOUHOUMUSICROOM\SOURCE\MUSICROOM\DEBUG\ENC_CUSTOM.OBJ
I:\TOUHOU\TOUHOUMUSICROOM\SOURCE\MUSICROOM\DEBUG\ENC_VORBIS.OBJ
I:\TOUHOU\TOUHOUMUSICROOM\SOURCE\MUSICROOM\DEBUG\ENCODE.OBJ
I:\TOUHOU\TOUHOUMUSICROOM\SOURCE\MUSICROOM\DEBUG\EXTRACT.OBJ
I:\Touhou\TouhouMusicRoom\source\musicroom\Debug\link.command.1.tlog
I:\Touhou\TouhouMusicRoom\source\musicroom\Debug\link.read.1.tlog
I:\Touhou\TouhouMusicRoom\source\musicroom\Debug\link.read.2.tlog
I:\Touhou\TouhouMusicRoom\source\musicroom\Debug\link.write.1.tlog
I:\Touhou\TouhouMusicRoom\source\musicroom\Debug\link-cvtres.read.1.tlog
I:\Touhou\TouhouMusicRoom\source\musicroom\Debug\link-cvtres.write.1.tlog
I:\TOUHOU\TOUHOUMUSICROOM\SOURCE\MUSICROOM\DEBUG\MAINWND.OBJ
I:\Touhou\TouhouMusicRoom\source\musicroom\Debug\mt.command.1.tlog
I:\Touhou\TouhouMusicRoom\source\musicroom\Debug\mt.read.1.tlog
I:\Touhou\TouhouMusicRoom\source\musicroom\Debug\mt.write.1.tlog
I:\TOUHOU\TOUHOUMUSICROOM\SOURCE\MUSICROOM\DEBUG\MUSICROOM.OBJ
I:\TOUHOU\TOUHOUMUSICROOM\SOURCE\MUSICROOM\DEBUG\MUSICROOM.RES
I:\TOUHOU\TOUHOUMUSICROOM\SOURCE\MUSICROOM\DEBUG\MUSICROOMD.EXE.INTERMEDIATE.MANIFEST
I:\TOUHOU\TOUHOUMUSICROOM\SOURCE\MUSICROOM\DEBUG\PARSE.OBJ
I:\TOUHOU\TOUHOUMUSICROOM\SOURCE\MUSICROOM\DEBUG\PM_PBG6.OBJ
I:\Touhou\TouhouMusicRoom\source\musicroom\Debug\rc.command.1.tlog
I:\Touhou\TouhouMusicRoom\source\musicroom\Debug\rc.read.1.tlog
I:\Touhou\TouhouMusicRoom\source\musicroom\Debug\rc.write.1.tlog
I:\TOUHOU\TOUHOUMUSICROOM\SOURCE\MUSICROOM\DEBUG\SCAN.OBJ
I:\TOUHOU\TOUHOUMUSICROOM\SOURCE\MUSICROOM\DEBUG\STREAM.OBJ
I:\TOUHOU\TOUHOUMUSICROOM\SOURCE\MUSICROOM\DEBUG\TAG_BASE.OBJ
I:\TOUHOU\TOUHOUMUSICROOM\SOURCE\MUSICROOM\DEBUG\TAG_ID3V2.OBJ
I:\TOUHOU\TOUHOUMUSICROOM\SOURCE\MUSICROOM\DEBUG\TAG_VORBIS.OBJ
I:\TOUHOU\TOUHOUMUSICROOM\SOURCE\MUSICROOM\DEBUG\TAGGER.OBJ
I:\Touhou\TouhouMusicRoom\source\musicroom\Debug\vc100.idb
I:\TOUHOU\TOUHOUMUSICROOM\SOURCE\MUSICROOM\DEBUG\VC100.PDB
I:\TOUHOU\TOUHOUMUSICROOM\SOURCE\MUSICROOM\DEBUG\WIDGETS.OBJ
I:\TOUHOU\TOUHOUMUSICROOM\SOURCE\MUSICROOM\DEBUG\WIKIUPDATE.OBJ
I:\TOUHOU\TOUHOUMUSICROOM\THMR2.2\MUSICROOMD.EXE
I:\TOUHOU\TOUHOUMUSICROOM\THMR2.2\MUSICROOMD.ILK
I:\TOUHOU\TOUHOUMUSICROOM\THMR2.2\MUSICROOMD.PDB
