i:\touhou\touhoumusicroom\source\th_tool_shared\release\utils.obj
i:\touhou\touhoumusicroom\source\th_tool_shared\release\lcvorbisquality.obj
i:\touhou\touhoumusicroom\source\th_tool_shared\release\lcprogressbar.obj
i:\touhou\touhoumusicroom\source\th_tool_shared\release\lclangframe.obj
i:\touhou\touhoumusicroom\source\th_tool_shared\release\lcdirframe.obj
i:\touhou\touhoumusicroom\source\th_tool_shared.lib
c:\users\alphagot\desktop\touhou music room source\th_tool_shared\release\utils.obj
c:\users\alphagot\desktop\touhou music room source\th_tool_shared\release\lcvorbisquality.obj
c:\users\alphagot\desktop\touhou music room source\th_tool_shared\release\lcprogressbar.obj
c:\users\alphagot\desktop\touhou music room source\th_tool_shared\release\lclangframe.obj
c:\users\alphagot\desktop\touhou music room source\th_tool_shared\release\lcdirframe.obj
c:\users\alphagot\desktop\touhou music room source\th_tool_shared.lib
c:\users\alphagot\desktop\touhou music room source\th_tool_shared\release\cl.command.1.tlog
c:\users\alphagot\desktop\touhou music room source\th_tool_shared\release\cl.read.1.tlog
c:\users\alphagot\desktop\touhou music room source\th_tool_shared\release\cl.write.1.tlog
c:\users\alphagot\desktop\touhou music room source\th_tool_shared\release\lib-link.read.1.tlog
c:\users\alphagot\desktop\touhou music room source\th_tool_shared\release\lib-link.write.1.tlog
c:\users\alphagot\desktop\touhou music room source\th_tool_shared\release\lib.command.1.tlog
c:\users\alphagot\desktop\touhou music room source\th_tool_shared\release\th_tool_shared.write.1.tlog
c:\users\alphagot\desktop\touhou music room source\th_tool_shared\release\th_tool_shared.tlog\cl.command.1.tlog
c:\users\alphagot\desktop\touhou music room source\th_tool_shared\release\th_tool_shared.tlog\cl.read.1.tlog
c:\users\alphagot\desktop\touhou music room source\th_tool_shared\release\th_tool_shared.tlog\cl.write.1.tlog
c:\users\alphagot\desktop\touhou music room source\th_tool_shared\release\th_tool_shared.tlog\lib-link.read.1.tlog
c:\users\alphagot\desktop\touhou music room source\th_tool_shared\release\th_tool_shared.tlog\lib-link.write.1.tlog
c:\users\alphagot\desktop\touhou music room source\th_tool_shared\release\th_tool_shared.tlog\lib.command.1.tlog
