i:\touhou\touhoumusicroom\source\musicroom\release\tagger.obj
i:\touhou\touhoumusicroom\source\musicroom\release\tag_vorbis.obj
i:\touhou\touhoumusicroom\source\musicroom\release\tag_id3v2.obj
i:\touhou\touhoumusicroom\source\musicroom\release\tag_base.obj
i:\touhou\touhoumusicroom\source\musicroom\release\wikiupdate.obj
i:\touhou\touhoumusicroom\source\musicroom\release\widgets.obj
i:\touhou\touhoumusicroom\source\musicroom\release\stream.obj
i:\touhou\touhoumusicroom\source\musicroom\release\scan.obj
i:\touhou\touhoumusicroom\source\musicroom\release\pm_pbg6.obj
i:\touhou\touhoumusicroom\source\musicroom\release\parse.obj
i:\touhou\touhoumusicroom\source\musicroom\release\musicroom.obj
i:\touhou\touhoumusicroom\source\musicroom\release\mainwnd.obj
i:\touhou\touhoumusicroom\source\musicroom\release\extract.obj
i:\touhou\touhoumusicroom\source\musicroom\release\encode.obj
i:\touhou\touhoumusicroom\source\musicroom\release\enc_vorbis.obj
i:\touhou\touhoumusicroom\source\musicroom\release\enc_custom.obj
i:\touhou\touhoumusicroom\source\musicroom\release\akyu.obj
i:\touhou\touhoumusicroom\thmr2.2\musicroom.exe
i:\touhou\touhoumusicroom\source\musicroom\release\musicroom.exe.intermediate.manifest
i:\touhou\touhoumusicroom\source\musicroom\release\musicroom.res
c:\users\alphagot\desktop\touhou music room source\musicroom\release\tag_base.obj
c:\users\alphagot\desktop\touhou music room source\musicroom\release\wikiupdate.obj
c:\users\alphagot\desktop\touhou music room source\musicroom\release\stream.obj
c:\users\alphagot\desktop\touhou music room source\musicroom\release\enc_custom.obj
c:\users\alphagot\desktop\touhou music room source\musicroom\release\tagger.obj
c:\users\alphagot\desktop\touhou music room source\musicroom\release\pm_pbg6.obj
c:\users\alphagot\desktop\touhou music room source\musicroom\release\parse.obj
c:\users\alphagot\desktop\touhou music room source\musicroom\release\musicroom.obj
c:\users\alphagot\desktop\touhou music room source\musicroom\release\mainwnd.obj
c:\users\alphagot\desktop\touhou music room source\musicroom\release\extract.obj
c:\users\alphagot\desktop\touhou music room source\musicroom\release\encode.obj
c:\users\alphagot\desktop\touhou music room source\musicroom\release\enc_vorbis.obj
c:\users\alphagot\desktop\touhou music room source\musicroom\release\tag_vorbis.obj
c:\users\alphagot\desktop\touhou music room source\musicroom\release\tag_id3v2.obj
c:\users\alphagot\desktop\touhou music room source\musicroom\release\widgets.obj
c:\users\alphagot\desktop\touhou music room source\musicroom\release\scan.obj
c:\users\alphagot\desktop\touhou music room source\musicroom\release\akyu.obj
c:\users\alphagot\desktop\touhou music room source\thmr2.2\musicroom.exe
c:\users\alphagot\desktop\touhou music room source\musicroom\release\musicroom.iobj
c:\users\alphagot\desktop\touhou music room source\musicroom\release\musicroom.res
c:\users\alphagot\desktop\touhou music room source\musicroom\release\cl.command.1.tlog
c:\users\alphagot\desktop\touhou music room source\musicroom\release\cl.read.1.tlog
c:\users\alphagot\desktop\touhou music room source\musicroom\release\cl.write.1.tlog
c:\users\alphagot\desktop\touhou music room source\musicroom\release\link-cvtres.read.1.tlog
c:\users\alphagot\desktop\touhou music room source\musicroom\release\link-cvtres.write.1.tlog
c:\users\alphagot\desktop\touhou music room source\musicroom\release\link.command.1.tlog
c:\users\alphagot\desktop\touhou music room source\musicroom\release\link.read.1.tlog
c:\users\alphagot\desktop\touhou music room source\musicroom\release\link.write.1.tlog
c:\users\alphagot\desktop\touhou music room source\musicroom\release\mt.command.1.tlog
c:\users\alphagot\desktop\touhou music room source\musicroom\release\mt.read.1.tlog
c:\users\alphagot\desktop\touhou music room source\musicroom\release\mt.write.1.tlog
c:\users\alphagot\desktop\touhou music room source\musicroom\release\rc.command.1.tlog
c:\users\alphagot\desktop\touhou music room source\musicroom\release\rc.read.1.tlog
c:\users\alphagot\desktop\touhou music room source\musicroom\release\rc.write.1.tlog
c:\users\alphagot\desktop\touhou music room source\musicroom\release\musicroom.exe.intermediate.manifest
c:\users\alphagot\desktop\touhou music room source\musicroom\release\musicroom.tlog\cl.command.1.tlog
c:\users\alphagot\desktop\touhou music room source\musicroom\release\musicroom.tlog\cl.read.1.tlog
c:\users\alphagot\desktop\touhou music room source\musicroom\release\musicroom.tlog\cl.write.1.tlog
c:\users\alphagot\desktop\touhou music room source\musicroom\release\musicroom.tlog\link.command.1.tlog
c:\users\alphagot\desktop\touhou music room source\musicroom\release\musicroom.tlog\link.read.1.tlog
c:\users\alphagot\desktop\touhou music room source\musicroom\release\musicroom.tlog\link.write.1.tlog
c:\users\alphagot\desktop\touhou music room source\musicroom\release\musicroom.tlog\rc.command.1.tlog
c:\users\alphagot\desktop\touhou music room source\musicroom\release\musicroom.tlog\rc.read.1.tlog
c:\users\alphagot\desktop\touhou music room source\musicroom\release\musicroom.tlog\rc.write.1.tlog
